<?xml version="1.0" encoding="UTF-8"?>
<!-- Generated by org.testng.reporters.JUnitReportReporter -->
<testsuite hostname="Madhuri" failures="0" tests="1" name="LTM.TestCases.TestLogin" time="0.409" errors="0" timestamp="2024-07-11T14:24:48 IST" skipped="0">
  <testcase classname="LTM.TestCases.TestLogin" name="test" time="0.409"/>
</testsuite> <!-- LTM.TestCases.TestLogin -->
