<?xml version="1.0" encoding="UTF-8"?>
<!-- Generated by org.testng.reporters.JUnitReportReporter -->
<testsuite hostname="Madhuri" failures="0" tests="2" name="LTM.TestCases.TestFirmware" time="18.880" errors="0" timestamp="2024-07-11T16:12:37 IST" skipped="0">
  <testcase classname="LTM.TestCases.TestFirmware" name="testlogin" time="0.399"/>
  <testcase classname="LTM.TestCases.TestFirmware" name="select_TC" time="18.481"/>
</testsuite> <!-- LTM.TestCases.TestFirmware -->
