<?xml version="1.0" encoding="UTF-8"?>
<!-- Generated by org.testng.reporters.JUnitReportReporter -->
<testsuite hostname="Madhuri" failures="0" tests="1" name="LTM.TestCases.Login_Test" time="3.581" errors="0" timestamp="2024-07-23T13:02:59 IST" skipped="0">
  <testcase classname="LTM.TestCases.Login_Test" name="Login" time="3.581"/>
</testsuite> <!-- LTM.TestCases.Login_Test -->
